Case #1:
IOOOIOOOIOOOIOO
IOOOIOOOIOOOIOO
IOOOIOOOIOOOIOO
IOOOIOOOIOOOIOO
IOOOIOOOIOOOIOO
IOOOIOOOIOOOIOO
IOOOIOOOIOOOIOO
IOOOIOOOIOOOIOO
IOOOIOOOIOOOIOO
IOOOIOOOIOOOIOO
IOOOIOOOIOOOIOO
IOOOIOOOIOOOIOO
IOOOIOOOIOOOIOO
IOOOIOOOIOOOIOO
IOOOIOOOIOOOI/O
Case #2:
IOO/I/O/I/O/I/O
IOOOIOO/I/O/I/O
IOOOIOOOIOOOIOO
IOOOIOOOIOOOIOO
I/O/I/O/I/O/I/O
I/O/I/O/I/O/I/O
I/O/I/O/I/O/I/O
I/O/I/O/I/O/I/O
I/O/I/O/I/O/I/O
I/O/I/O/I/O/I/O
I/O/I/O/I/O/I/O
I/O/I/O/I/O/I/O
I/O/I/O/I/O/I/O
I/O/I/O/I/O/I/O
I/O/I/O/I/O/I/O
Case #3:
IOOOI/O/I/O/I/O
IOOOIOOOIOO/I/O
IOOOIOOOIOOOIOO
IOOOIOOOIOOOIOO
IOOOIOOOIOOOIOO
IOOOIOOOIOOOIOO
IOOOIOOOIOOOIOO
IOOOIOOOIOOOIOO
IOOOIOOOIOOOIOO
IOOOIOOOIOOOIOO
IOOOIOOOIOOOIOO
IOOOIOOOIOOOIOO
IOOOIOOOIOOOIOO
IOOOIOOOIOOOIOO
I/O/I/O/I/O/I/O
Case #4:
IOOOI/O/I/O/I/O
IOOOIOOOIOOOIOO
IOOOIOOOIOOOIOO
IOOOIOOOIOOOIOO
IOOOIOOOIOOOIOO
IOOOIOOOIOOOIOO
IOOOIOOOIOOOIOO
IOOOIOOOIOOOIOO
IOOOIOOOIOOOIOO
I/O/I/O/I/O/I/O
I/O/I/O/I/O/I/O
I/O/I/O/I/O/I/O
I/O/I/O/I/O/I/O
I/O/I/O/I/O/I/O
I/O/I/O/I/O/I/O
Case #5:
IOOOIOOOIOOOIOO
IOOOIOOOIOOOIOO
IOOOIOOOIOOOIOO
IOOOIOOOIOOOIOO
IOOOIOOOIOOOIOO
IOOOIOOOIOOOIOO
IOOOIOOOIOOOIOO
IOOOIOOOIOOOIOO
IOOOIOOOIOOOIOO
IOOOIOOOIOOOIOO
IOOOIOOOIOOOIOO
IOOOIOOOIOOOIOO
IOOOIOOOIOOOIOO
IOOOIOOOIOOOIOO
IOOOIOOOIOO/I/O
Case #6:
I/O/I/O/I/O/I/O
IOOOIOO/I/O/I/O
IOOOIOOOIOOOIOO
IOOOIOOOIOOOIOO
IOOOIOOOIOOOIOO
IOOOIOOOIOOOIOO
I/O/I/O/I/O/I/O
I/O/I/O/I/O/I/O
I/O/I/O/I/O/I/O
I/O/I/O/I/O/I/O
I/O/I/O/I/O/I/O
I/O/I/O/I/O/I/O
I/O/I/O/I/O/I/O
I/O/I/O/I/O/I/O
I/O/I/O/I/O/I/O
Case #7:
IOO/I/O/I/O/I/O
IOOOIOOOIOOOI/O
IOOOIOOOIOOOIOO
IOOOIOOOIOOOIOO
IOOOIOOOIOOOIOO
IOOOIOOOIOOOIOO
IOOOIOOOIOOOIOO
I/O/I/O/I/O/I/O
I/O/I/O/I/O/I/O
I/O/I/O/I/O/I/O
I/O/I/O/I/O/I/O
I/O/I/O/I/O/I/O
I/O/I/O/I/O/I/O
I/O/I/O/I/O/I/O
I/O/I/O/I/O/I/O
Case #8:
I/O/I/O/I/O/I/O
IOO/I/O/I/O/I/O
IOOOIOOOIOOOIOO
IOOOIOOOIOOOIOO
IOOOIOOOIOOOIOO
IOOOIOOOIOOOIOO
IOOOIOOOIOOOIOO
IOOOIOOOIOOOIOO
IOOOIOOOIOOOIOO
I/O/I/O/I/O/I/O
I/O/I/O/I/O/I/O
I/O/I/O/I/O/I/O
I/O/I/O/I/O/I/O
I/O/I/O/I/O/I/O
I/O/I/O/I/O/I/O
Case #9:
IOOOIOO/I/O/I/O
IOOOIOOOIOOOIOO
IOOOIOOOIOOOIOO
IOOOIOOOIOOOIOO
IOOOIOOOIOOOIOO
IOOOIOOOIOOOIOO
IOOOIOOOIOOOIOO
IOOOIOOOIOOOIOO
IOOOIOOOIOOOIOO
IOOOIOOOIOOOIOO
IOOOIOOOIOOOIOO
IOOOIOOOIOOOIOO
IOOOIOOOIOOOIOO
IOOOIOOOIOOOIOO
I/O/I/O/I/O/I/O
Case #10:
IOOOIOOOIOOOIOO
IOOOIOOOIOOOIOO
IOOOIOOOIOOOIOO
IOOOIOOOIOOOIOO
IOOOIOOOIOOOIOO
IOOOIOOOIOOOIOO
IOOOIOOOIOOOIOO
IOOOIOOOIOOOIOO
IOOOIOOOIOOOIOO
IOOOIOOOIOOOIOO
IOOOIOOOIOOOIOO
IOOOIOOOIOOOIOO
IOOOIOOOIOOOIOO
IOOOIOOOIOOOIOO
IOO/I/O/I/O/I/O
Case #11:
I/O/I/O/I/O/I/O
IOOOI/O/I/O/I/O
IOOOIOOOIOOOIOO
IOOOIOOOIOOOIOO
I/O/I/O/I/O/I/O
I/O/I/O/I/O/I/O
I/O/I/O/I/O/I/O
I/O/I/O/I/O/I/O
I/O/I/O/I/O/I/O
I/O/I/O/I/O/I/O
I/O/I/O/I/O/I/O
I/O/I/O/I/O/I/O
I/O/I/O/I/O/I/O
I/O/I/O/I/O/I/O
I/O/I/O/I/O/I/O
Case #12:
I/O/I/O/I/O/I/O
IOOOIOO/I/O/I/O
IOOOIOOOIOOOIOO
IOOOIOOOIOOOIOO
IOOOIOOOIOOOIOO
IOOOIOOOIOOOIOO
IOOOIOOOIOOOIOO
IOOOIOOOIOOOIOO
IOOOIOOOIOOOIOO
IOOOIOOOIOOOIOO
I/O/I/O/I/O/I/O
I/O/I/O/I/O/I/O
I/O/I/O/I/O/I/O
I/O/I/O/I/O/I/O
I/O/I/O/I/O/I/O
Case #13:
IOOOI/O/I/O/I/O
IOOOIOOOIOOOI/O
IOOOIOOOIOOOIOO
IOOOIOOOIOOOIOO
IOOOIOOOIOOOIOO
IOOOIOOOIOOOIOO
IOOOIOOOIOOOIOO
IOOOIOOOIOOOIOO
IOOOIOOOIOOOIOO
IOOOIOOOIOOOIOO
IOOOIOOOIOOOIOO
IOOOIOOOIOOOIOO
IOOOIOOOIOOOIOO
IOOOIOOOIOOOIOO
I/O/I/O/I/O/I/O
Case #14:
IOOOI/O/I/O/I/O
IOOOI/O/I/O/I/O
IOOOIOOOIOOOIOO
IOOOIOOOIOOOIOO
IOOOIOOOIOOOIOO
IOOOIOOOIOOOIOO
IOOOIOOOIOOOIOO
IOOOIOOOIOOOIOO
IOOOIOOOIOOOIOO
I/O/I/O/I/O/I/O
I/O/I/O/I/O/I/O
I/O/I/O/I/O/I/O
I/O/I/O/I/O/I/O
I/O/I/O/I/O/I/O
I/O/I/O/I/O/I/O
Case #15:
I/O/I/O/I/O/I/O
IOOOIOOOIOOOI/O
I/O/I/O/I/O/I/O
I/O/I/O/I/O/I/O
I/O/I/O/I/O/I/O
I/O/I/O/I/O/I/O
I/O/I/O/I/O/I/O
I/O/I/O/I/O/I/O
I/O/I/O/I/O/I/O
I/O/I/O/I/O/I/O
I/O/I/O/I/O/I/O
I/O/I/O/I/O/I/O
I/O/I/O/I/O/I/O
I/O/I/O/I/O/I/O
I/O/I/O/I/O/I/O
Case #16:
IOO/I/O/I/O/I/O
IOO/I/O/I/O/I/O
I/O/I/O/I/O/I/O
I/O/I/O/I/O/I/O
I/O/I/O/I/O/I/O
I/O/I/O/I/O/I/O
I/O/I/O/I/O/I/O
I/O/I/O/I/O/I/O
I/O/I/O/I/O/I/O
I/O/I/O/I/O/I/O
I/O/I/O/I/O/I/O
I/O/I/O/I/O/I/O
I/O/I/O/I/O/I/O
I/O/I/O/I/O/I/O
I/O/I/O/I/O/I/O
Case #17:
IOOOIOOOIOOOIOO
IOOOIOOOIOOOIOO
IOOOIOOOIOOOIOO
IOOOIOOOIOOOIOO
IOOOIOOOIOOOIOO
IOOOIOOOIOOOIOO
IOOOIOOOIOOOIOO
IOOOIOOOIOOOIOO
IOOOIOOOIOOOIOO
IOOOIOOOIOOOIOO
IOOOIOOOIOOOIOO
IOOOIOOOIOOOIOO
IOOOIOOOIOOOIOO
IOOOIOOOIOOOIOO
IOOOIOO/I/O/I/O
Case #18:
IOO/I/O/I/O/I/O
IOOOI/O/I/O/I/O
IOOOIOOOIOOOIOO
IOOOIOOOIOOOIOO
IOOOIOOOIOOOIOO
IOOOIOOOIOOOIOO
IOOOIOOOIOOOIOO
IOOOIOOOIOOOIOO
I/O/I/O/I/O/I/O
I/O/I/O/I/O/I/O
I/O/I/O/I/O/I/O
I/O/I/O/I/O/I/O
I/O/I/O/I/O/I/O
I/O/I/O/I/O/I/O
I/O/I/O/I/O/I/O
Case #19:
I/O/I/O/I/O/I/O
IOOOIOO/I/O/I/O
IOOOIOOOIOOOIOO
IOOOIOOOIOOOIOO
IOOOIOOOIOOOIOO
IOOOIOOOIOOOIOO
IOOOIOOOIOOOIOO
IOOOIOOOIOOOIOO
IOOOIOOOIOOOIOO
IOOOIOOOIOOOIOO
IOOOIOOOIOOOIOO
IOOOIOOOIOOOIOO
IOOOIOOOIOOOIOO
IOOOIOOOIOOOIOO
I/O/I/O/I/O/I/O
Case #20:
IOO/I/O/I/O/I/O
IOOOIOOOIOO/I/O
I/O/I/O/I/O/I/O
I/O/I/O/I/O/I/O
I/O/I/O/I/O/I/O
I/O/I/O/I/O/I/O
I/O/I/O/I/O/I/O
I/O/I/O/I/O/I/O
I/O/I/O/I/O/I/O
I/O/I/O/I/O/I/O
I/O/I/O/I/O/I/O
I/O/I/O/I/O/I/O
I/O/I/O/I/O/I/O
I/O/I/O/I/O/I/O
I/O/I/O/I/O/I/O
Case #21:
IOO/I/O/I/O/I/O
IOOOIOOOIOOOIOO
IOOOIOOOIOOOIOO
IOOOIOOOIOOOIOO
IOOOIOOOIOOOIOO
IOOOIOOOIOOOIOO
IOOOIOOOIOOOIOO
I/O/I/O/I/O/I/O
I/O/I/O/I/O/I/O
I/O/I/O/I/O/I/O
I/O/I/O/I/O/I/O
I/O/I/O/I/O/I/O
I/O/I/O/I/O/I/O
I/O/I/O/I/O/I/O
I/O/I/O/I/O/I/O
Case #22:
IOOOI/O/I/O/I/O
IOOOIOOOIOO/I/O
IOOOIOOOIOOOIOO
I/O/I/O/I/O/I/O
I/O/I/O/I/O/I/O
I/O/I/O/I/O/I/O
I/O/I/O/I/O/I/O
I/O/I/O/I/O/I/O
I/O/I/O/I/O/I/O
I/O/I/O/I/O/I/O
I/O/I/O/I/O/I/O
I/O/I/O/I/O/I/O
I/O/I/O/I/O/I/O
I/O/I/O/I/O/I/O
I/O/I/O/I/O/I/O
Case #23:
I/O/I/O/I/O/I/O
IOO/I/O/I/O/I/O
I/O/I/O/I/O/I/O
I/O/I/O/I/O/I/O
I/O/I/O/I/O/I/O
I/O/I/O/I/O/I/O
I/O/I/O/I/O/I/O
I/O/I/O/I/O/I/O
I/O/I/O/I/O/I/O
I/O/I/O/I/O/I/O
I/O/I/O/I/O/I/O
I/O/I/O/I/O/I/O
I/O/I/O/I/O/I/O
I/O/I/O/I/O/I/O
I/O/I/O/I/O/I/O
Case #24:
I/O/I/O/I/O/I/O
IOOOI/O/I/O/I/O
IOOOIOOOIOOOIOO
IOOOIOOOIOOOIOO
IOOOIOOOIOOOIOO
IOOOIOOOIOOOIOO
IOOOIOOOIOOOIOO
IOOOIOOOIOOOIOO
IOOOIOOOIOOOIOO
IOOOIOOOIOOOIOO
IOOOIOOOIOOOIOO
IOOOIOOOIOOOIOO
I/O/I/O/I/O/I/O
I/O/I/O/I/O/I/O
I/O/I/O/I/O/I/O
Case #25:
IOOOI/O/I/O/I/O
IOOOIOOOIOOOIOO
IOOOIOOOIOOOIOO
IOOOIOOOIOOOIOO
IOOOIOOOIOOOIOO
IOOOIOOOIOOOIOO
IOOOIOOOIOOOIOO
IOOOIOOOIOOOIOO
I/O/I/O/I/O/I/O
I/O/I/O/I/O/I/O
I/O/I/O/I/O/I/O
I/O/I/O/I/O/I/O
I/O/I/O/I/O/I/O
I/O/I/O/I/O/I/O
I/O/I/O/I/O/I/O
Case #26:
I/O/I/O/I/O/I/O
IOOOIOOOIOOOI/O
IOOOIOOOIOOOIOO
IOOOIOOOIOOOIOO
IOOOIOOOIOOOIOO
I/O/I/O/I/O/I/O
I/O/I/O/I/O/I/O
I/O/I/O/I/O/I/O
I/O/I/O/I/O/I/O
I/O/I/O/I/O/I/O
I/O/I/O/I/O/I/O
I/O/I/O/I/O/I/O
I/O/I/O/I/O/I/O
I/O/I/O/I/O/I/O
I/O/I/O/I/O/I/O
Case #27:
IOO/I/O/I/O/I/O
IOO/I/O/I/O/I/O
IOOOIOOOIOOOIOO
IOOOIOOOIOOOIOO
IOOOIOOOIOOOIOO
IOOOIOOOIOOOIOO
IOOOIOOOIOOOIOO
IOOOIOOOIOOOIOO
IOOOIOOOIOOOIOO
IOOOIOOOIOOOIOO
IOOOIOOOIOOOIOO
I/O/I/O/I/O/I/O
I/O/I/O/I/O/I/O
I/O/I/O/I/O/I/O
I/O/I/O/I/O/I/O
Case #28:
I/O/I/O/I/O/I/O
IOO/I/O/I/O/I/O
IOOOIOOOIOOOIOO
IOOOIOOOIOOOIOO
IOOOIOOOIOOOIOO
IOOOIOOOIOOOIOO
IOOOIOOOIOOOIOO
IOOOIOOOIOOOIOO
IOOOIOOOIOOOIOO
IOOOIOOOIOOOIOO
IOOOIOOOIOOOIOO
IOOOIOOOIOOOIOO
I/O/I/O/I/O/I/O
I/O/I/O/I/O/I/O
I/O/I/O/I/O/I/O
Case #29:
IOO/I/O/I/O/I/O
IOOOIOOOIOOOIOO
IOOOIOOOIOOOIOO
IOOOIOOOIOOOIOO
IOOOIOOOIOOOIOO
IOOOIOOOIOOOIOO
IOOOIOOOIOOOIOO
IOOOIOOOIOOOIOO
I/O/I/O/I/O/I/O
I/O/I/O/I/O/I/O
I/O/I/O/I/O/I/O
I/O/I/O/I/O/I/O
I/O/I/O/I/O/I/O
I/O/I/O/I/O/I/O
I/O/I/O/I/O/I/O
Case #30:
IOOOI/O/I/O/I/O
IOOOIOOOIOOOI/O
IOOOIOOOIOOOIOO
IOOOIOOOIOOOIOO
IOOOIOOOIOOOIOO
IOOOIOOOIOOOIOO
IOOOIOOOIOOOIOO
IOOOIOOOIOOOIOO
IOOOIOOOIOOOIOO
IOOOIOOOIOOOIOO
IOOOIOOOIOOOIOO
IOOOIOOOIOOOIOO
I/O/I/O/I/O/I/O
I/O/I/O/I/O/I/O
I/O/I/O/I/O/I/O
Case #31:
I/O/I/O/I/O/I/O
IOOOIOOOIOO/I/O
IOOOIOOOIOOOIOO
IOOOIOOOIOOOIOO
IOOOIOOOIOOOIOO
IOOOIOOOIOOOIOO
IOOOIOOOIOOOIOO
IOOOIOOOIOOOIOO
IOOOIOOOIOOOIOO
I/O/I/O/I/O/I/O
I/O/I/O/I/O/I/O
I/O/I/O/I/O/I/O
I/O/I/O/I/O/I/O
I/O/I/O/I/O/I/O
I/O/I/O/I/O/I/O
Case #32:
IOOOI/O/I/O/I/O
IOOOIOOOI/O/I/O
IOOOIOOOIOOOIOO
IOOOIOOOIOOOIOO
IOOOIOOOIOOOIOO
IOOOIOOOIOOOIOO
IOOOIOOOIOOOIOO
IOOOIOOOIOOOIOO
IOOOIOOOIOOOIOO
IOOOIOOOIOOOIOO
I/O/I/O/I/O/I/O
I/O/I/O/I/O/I/O
I/O/I/O/I/O/I/O
I/O/I/O/I/O/I/O
I/O/I/O/I/O/I/O
Case #33:
IOO/I/O/I/O/I/O
IOOOIOOOI/O/I/O
IOOOIOOOIOOOIOO
IOOOIOOOIOOOIOO
IOOOIOOOIOOOIOO
IOOOIOOOIOOOIOO
IOOOIOOOIOOOIOO
IOOOIOOOIOOOIOO
IOOOIOOOIOOOIOO
IOOOIOOOIOOOIOO
I/O/I/O/I/O/I/O
I/O/I/O/I/O/I/O
I/O/I/O/I/O/I/O
I/O/I/O/I/O/I/O
I/O/I/O/I/O/I/O
Case #34:
IOO/I/O/I/O/I/O
IOO/I/O/I/O/I/O
IOOOIOOOIOOOIOO
IOOOIOOOIOOOIOO
I/O/I/O/I/O/I/O
I/O/I/O/I/O/I/O
I/O/I/O/I/O/I/O
I/O/I/O/I/O/I/O
I/O/I/O/I/O/I/O
I/O/I/O/I/O/I/O
I/O/I/O/I/O/I/O
I/O/I/O/I/O/I/O
I/O/I/O/I/O/I/O
I/O/I/O/I/O/I/O
I/O/I/O/I/O/I/O
Case #35:
IOO/I/O/I/O/I/O
IOOOIOOOIOOOI/O
IOOOIOOOIOOOIOO
IOOOIOOOIOOOIOO
IOOOIOOOIOOOIOO
IOOOIOOOIOOOIOO
IOOOIOOOIOOOIOO
IOOOIOOOIOOOIOO
IOOOIOOOIOOOIOO
IOOOIOOOIOOOIOO
IOOOIOOOIOOOIOO
IOOOIOOOIOOOIOO
IOOOIOOOIOOOIOO
IOOOIOOOIOOOIOO
I/O/I/O/I/O/I/O
Case #36:
I/O/I/O/I/O/I/O
IOOOIOOOIOOOIOO
IOOOIOOOIOOOIOO
IOOOIOOOIOOOIOO
IOOOIOOOIOOOIOO
I/O/I/O/I/O/I/O
I/O/I/O/I/O/I/O
I/O/I/O/I/O/I/O
I/O/I/O/I/O/I/O
I/O/I/O/I/O/I/O
I/O/I/O/I/O/I/O
I/O/I/O/I/O/I/O
I/O/I/O/I/O/I/O
I/O/I/O/I/O/I/O
I/O/I/O/I/O/I/O
Case #37:
I/O/I/O/I/O/I/O
IOO/I/O/I/O/I/O
IOOOIOOOIOOOIOO
IOOOIOOOIOOOIOO
IOOOIOOOIOOOIOO
I/O/I/O/I/O/I/O
I/O/I/O/I/O/I/O
I/O/I/O/I/O/I/O
I/O/I/O/I/O/I/O
I/O/I/O/I/O/I/O
I/O/I/O/I/O/I/O
I/O/I/O/I/O/I/O
I/O/I/O/I/O/I/O
I/O/I/O/I/O/I/O
I/O/I/O/I/O/I/O
Case #38:
I/O/I/O/I/O/I/O
IOOOIOOOIOOOI/O
IOOOIOOOIOOOIOO
IOOOIOOOIOOOIOO
IOOOIOOOIOOOIOO
IOOOIOOOIOOOIOO
IOOOIOOOIOOOIOO
IOOOIOOOIOOOIOO
IOOOIOOOIOOOIOO
IOOOIOOOIOOOIOO
IOOOIOOOIOOOIOO
IOOOIOOOIOOOIOO
I/O/I/O/I/O/I/O
I/O/I/O/I/O/I/O
I/O/I/O/I/O/I/O
Case #39:
I/O/I/O/I/O/I/O
I/O/I/O/I/O/I/O
I/O/I/O/I/O/I/O
I/O/I/O/I/O/I/O
I/O/I/O/I/O/I/O
I/O/I/O/I/O/I/O
I/O/I/O/I/O/I/O
I/O/I/O/I/O/I/O
I/O/I/O/I/O/I/O
I/O/I/O/I/O/I/O
I/O/I/O/I/O/I/O
I/O/I/O/I/O/I/O
I/O/I/O/I/O/I/O
I/O/I/O/I/O/I/O
I/O/I/O/I/O/I/O
Case #40:
IOO/I/O/I/O/I/O
IOOOI/O/I/O/I/O
IOOOIOOOIOOOIOO
I/O/I/O/I/O/I/O
I/O/I/O/I/O/I/O
I/O/I/O/I/O/I/O
I/O/I/O/I/O/I/O
I/O/I/O/I/O/I/O
I/O/I/O/I/O/I/O
I/O/I/O/I/O/I/O
I/O/I/O/I/O/I/O
I/O/I/O/I/O/I/O
I/O/I/O/I/O/I/O
I/O/I/O/I/O/I/O
I/O/I/O/I/O/I/O
Case #41:
I/O/I/O/I/O/I/O
IOOOIOO/I/O/I/O
IOOOIOOOIOOOIOO
IOOOIOOOIOOOIOO
IOOOIOOOIOOOIOO
IOOOIOOOIOOOIOO
IOOOIOOOIOOOIOO
IOOOIOOOIOOOIOO
IOOOIOOOIOOOIOO
IOOOIOOOIOOOIOO
IOOOIOOOIOOOIOO
IOOOIOOOIOOOIOO
IOOOIOOOIOOOIOO
I/O/I/O/I/O/I/O
I/O/I/O/I/O/I/O
Case #42:
I/O/I/O/I/O/I/O
IOOOIOOOIOOOI/O
IOOOIOOOIOOOIOO
IOOOIOOOIOOOIOO
IOOOIOOOIOOOIOO
IOOOIOOOIOOOIOO
IOOOIOOOIOOOIOO
I/O/I/O/I/O/I/O
I/O/I/O/I/O/I/O
I/O/I/O/I/O/I/O
I/O/I/O/I/O/I/O
I/O/I/O/I/O/I/O
I/O/I/O/I/O/I/O
I/O/I/O/I/O/I/O
I/O/I/O/I/O/I/O
Case #43:
IOO/I/O/I/O/I/O
I/O/I/O/I/O/I/O
I/O/I/O/I/O/I/O
I/O/I/O/I/O/I/O
I/O/I/O/I/O/I/O
I/O/I/O/I/O/I/O
I/O/I/O/I/O/I/O
I/O/I/O/I/O/I/O
I/O/I/O/I/O/I/O
I/O/I/O/I/O/I/O
I/O/I/O/I/O/I/O
I/O/I/O/I/O/I/O
I/O/I/O/I/O/I/O
I/O/I/O/I/O/I/O
I/O/I/O/I/O/I/O
Case #44:
IOOOIOOOIOOOIOO
IOOOIOOOIOOOIOO
IOOOIOOOIOOOIOO
IOOOIOOOIOOOIOO
IOOOIOOOIOOOIOO
IOOOIOOOIOOOIOO
IOOOIOOOIOOOIOO
IOOOIOOOIOOOIOO
IOOOIOOOIOOOIOO
IOOOIOOOIOOOIOO
IOOOIOOOIOOOIOO
IOOOIOOOIOOOIOO
IOOOIOOOIOOOIOO
IOOOIOOOIOOOIOO
IOOOIOOOI/O/I/O
Case #45:
IOOOIOOOI/O/I/O
IOOOIOOOIOOOIOO
IOOOIOOOIOOOIOO
IOOOIOOOIOOOIOO
IOOOIOOOIOOOIOO
IOOOIOOOIOOOIOO
IOOOIOOOIOOOIOO
IOOOIOOOIOOOIOO
IOOOIOOOIOOOIOO
IOOOIOOOIOOOIOO
IOOOIOOOIOOOIOO
IOOOIOOOIOOOIOO
IOOOIOOOIOOOIOO
IOOOIOOOIOOOIOO
I/O/I/O/I/O/I/O
Case #46:
IOOOIOOOIOO/I/O
IOOOIOOOIOOOIOO
IOOOIOOOIOOOIOO
IOOOIOOOIOOOIOO
IOOOIOOOIOOOIOO
IOOOIOOOIOOOIOO
IOOOIOOOIOOOIOO
IOOOIOOOIOOOIOO
IOOOIOOOIOOOIOO
IOOOIOOOIOOOIOO
IOOOIOOOIOOOIOO
IOOOIOOOIOOOIOO
IOOOIOOOIOOOIOO
IOOOIOOOIOOOIOO
I/O/I/O/I/O/I/O
Case #47:
IOO/I/O/I/O/I/O
IOOOIOO/I/O/I/O
I/O/I/O/I/O/I/O
I/O/I/O/I/O/I/O
I/O/I/O/I/O/I/O
I/O/I/O/I/O/I/O
I/O/I/O/I/O/I/O
I/O/I/O/I/O/I/O
I/O/I/O/I/O/I/O
I/O/I/O/I/O/I/O
I/O/I/O/I/O/I/O
I/O/I/O/I/O/I/O
I/O/I/O/I/O/I/O
I/O/I/O/I/O/I/O
I/O/I/O/I/O/I/O
Case #48:
IOOOI/O/I/O/I/O
IOOOIOOOIOOOI/O
IOOOIOOOIOOOIOO
IOOOIOOOIOOOIOO
IOOOIOOOIOOOIOO
IOOOIOOOIOOOIOO
IOOOIOOOIOOOIOO
IOOOIOOOIOOOIOO
IOOOIOOOIOOOIOO
IOOOIOOOIOOOIOO
IOOOIOOOIOOOIOO
I/O/I/O/I/O/I/O
I/O/I/O/I/O/I/O
I/O/I/O/I/O/I/O
I/O/I/O/I/O/I/O
Case #49:
IOOOI/O/I/O/I/O
IOOOIOOOIOOOIOO
IOOOIOOOIOOOIOO
IOOOIOOOIOOOIOO
IOOOIOOOIOOOIOO
IOOOIOOOIOOOIOO
IOOOIOOOIOOOIOO
IOOOIOOOIOOOIOO
IOOOIOOOIOOOIOO
IOOOIOOOIOOOIOO
IOOOIOOOIOOOIOO
IOOOIOOOIOOOIOO
IOOOIOOOIOOOIOO
I/O/I/O/I/O/I/O
I/O/I/O/I/O/I/O
Case #50:
IOOOI/O/I/O/I/O
IOOOIOOOIOO/I/O
I/O/I/O/I/O/I/O
I/O/I/O/I/O/I/O
I/O/I/O/I/O/I/O
I/O/I/O/I/O/I/O
I/O/I/O/I/O/I/O
I/O/I/O/I/O/I/O
I/O/I/O/I/O/I/O
I/O/I/O/I/O/I/O
I/O/I/O/I/O/I/O
I/O/I/O/I/O/I/O
I/O/I/O/I/O/I/O
I/O/I/O/I/O/I/O
I/O/I/O/I/O/I/O
Case #51:
IOO/I/O/I/O/I/O
IOO/I/O/I/O/I/O
IOOOIOOOIOOOIOO
IOOOIOOOIOOOIOO
IOOOIOOOIOOOIOO
IOOOIOOOIOOOIOO
IOOOIOOOIOOOIOO
IOOOIOOOIOOOIOO
IOOOIOOOIOOOIOO
IOOOIOOOIOOOIOO
IOOOIOOOIOOOIOO
IOOOIOOOIOOOIOO
IOOOIOOOIOOOIOO
IOOOIOOOIOOOIOO
I/O/I/O/I/O/I/O
Case #52:
I/O/I/O/I/O/I/O
IOOOIOOOI/O/I/O
IOOOIOOOIOOOIOO
IOOOIOOOIOOOIOO
IOOOIOOOIOOOIOO
IOOOIOOOIOOOIOO
IOOOIOOOIOOOIOO
I/O/I/O/I/O/I/O
I/O/I/O/I/O/I/O
I/O/I/O/I/O/I/O
I/O/I/O/I/O/I/O
I/O/I/O/I/O/I/O
I/O/I/O/I/O/I/O
I/O/I/O/I/O/I/O
I/O/I/O/I/O/I/O
Case #53:
IOOOI/O/I/O/I/O
IOOOIOO/I/O/I/O
I/O/I/O/I/O/I/O
I/O/I/O/I/O/I/O
I/O/I/O/I/O/I/O
I/O/I/O/I/O/I/O
I/O/I/O/I/O/I/O
I/O/I/O/I/O/I/O
I/O/I/O/I/O/I/O
I/O/I/O/I/O/I/O
I/O/I/O/I/O/I/O
I/O/I/O/I/O/I/O
I/O/I/O/I/O/I/O
I/O/I/O/I/O/I/O
I/O/I/O/I/O/I/O
Case #54:
IOO/I/O/I/O/I/O
IOOOIOOOIOOOIOO
IOOOIOOOIOOOIOO
IOOOIOOOIOOOIOO
IOOOIOOOIOOOIOO
IOOOIOOOIOOOIOO
IOOOIOOOIOOOIOO
IOOOIOOOIOOOIOO
IOOOIOOOIOOOIOO
IOOOIOOOIOOOIOO
IOOOIOOOIOOOIOO
IOOOIOOOIOOOIOO
IOOOIOOOIOOOIOO
IOOOIOOOIOOOIOO
I/O/I/O/I/O/I/O
Case #55:
IOOOI/O/I/O/I/O
IOOOIOO/I/O/I/O
IOOOIOOOIOOOIOO
IOOOIOOOIOOOIOO
IOOOIOOOIOOOIOO
IOOOIOOOIOOOIOO
IOOOIOOOIOOOIOO
I/O/I/O/I/O/I/O
I/O/I/O/I/O/I/O
I/O/I/O/I/O/I/O
I/O/I/O/I/O/I/O
I/O/I/O/I/O/I/O
I/O/I/O/I/O/I/O
I/O/I/O/I/O/I/O
I/O/I/O/I/O/I/O
Case #56:
IOOOI/O/I/O/I/O
IOO/I/O/I/O/I/O
IOOOIOOOIOOOIOO
IOOOIOOOIOOOIOO
IOOOIOOOIOOOIOO
IOOOIOOOIOOOIOO
IOOOIOOOIOOOIOO
IOOOIOOOIOOOIOO
IOOOIOOOIOOOIOO
IOOOIOOOIOOOIOO
IOOOIOOOIOOOIOO
I/O/I/O/I/O/I/O
I/O/I/O/I/O/I/O
I/O/I/O/I/O/I/O
I/O/I/O/I/O/I/O
Case #57:
I/O/I/O/I/O/I/O
IOO/I/O/I/O/I/O
IOOOIOOOIOOOIOO
IOOOIOOOIOOOIOO
IOOOIOOOIOOOIOO
IOOOIOOOIOOOIOO
IOOOIOOOIOOOIOO
IOOOIOOOIOOOIOO
IOOOIOOOIOOOIOO
IOOOIOOOIOOOIOO
I/O/I/O/I/O/I/O
I/O/I/O/I/O/I/O
I/O/I/O/I/O/I/O
I/O/I/O/I/O/I/O
I/O/I/O/I/O/I/O
Case #58:
IOOOI/O/I/O/I/O
IOOOI/O/I/O/I/O
IOOOIOOOIOOOIOO
IOOOIOOOIOOOIOO
IOOOIOOOIOOOIOO
IOOOIOOOIOOOIOO
IOOOIOOOIOOOIOO
IOOOIOOOIOOOIOO
IOOOIOOOIOOOIOO
IOOOIOOOIOOOIOO
IOOOIOOOIOOOIOO
IOOOIOOOIOOOIOO
I/O/I/O/I/O/I/O
I/O/I/O/I/O/I/O
I/O/I/O/I/O/I/O
Case #59:
IOO/I/O/I/O/I/O
IOOOIOOOI/O/I/O
IOOOIOOOIOOOIOO
IOOOIOOOIOOOIOO
IOOOIOOOIOOOIOO
IOOOIOOOIOOOIOO
IOOOIOOOIOOOIOO
IOOOIOOOIOOOIOO
IOOOIOOOIOOOIOO
IOOOIOOOIOOOIOO
IOOOIOOOIOOOIOO
IOOOIOOOIOOOIOO
IOOOIOOOIOOOIOO
I/O/I/O/I/O/I/O
I/O/I/O/I/O/I/O
Case #60:
IOO/I/O/I/O/I/O
IOOOIOOOIOOOI/O
IOOOIOOOIOOOIOO
I/O/I/O/I/O/I/O
I/O/I/O/I/O/I/O
I/O/I/O/I/O/I/O
I/O/I/O/I/O/I/O
I/O/I/O/I/O/I/O
I/O/I/O/I/O/I/O
I/O/I/O/I/O/I/O
I/O/I/O/I/O/I/O
I/O/I/O/I/O/I/O
I/O/I/O/I/O/I/O
I/O/I/O/I/O/I/O
I/O/I/O/I/O/I/O
Case #61:
IOOOI/O/I/O/I/O
IOOOIOOOIOOOIOO
IOOOIOOOIOOOIOO
IOOOIOOOIOOOIOO
IOOOIOOOIOOOIOO
IOOOIOOOIOOOIOO
IOOOIOOOIOOOIOO
I/O/I/O/I/O/I/O
I/O/I/O/I/O/I/O
I/O/I/O/I/O/I/O
I/O/I/O/I/O/I/O
I/O/I/O/I/O/I/O
I/O/I/O/I/O/I/O
I/O/I/O/I/O/I/O
I/O/I/O/I/O/I/O
Case #62:
IOOOI/O/I/O/I/O
IOOOIOOOIOOOI/O
IOOOIOOOIOOOIOO
IOOOIOOOIOOOIOO
IOOOIOOOIOOOIOO
IOOOIOOOIOOOIOO
IOOOIOOOIOOOIOO
IOOOIOOOIOOOIOO
IOOOIOOOIOOOIOO
I/O/I/O/I/O/I/O
I/O/I/O/I/O/I/O
I/O/I/O/I/O/I/O
I/O/I/O/I/O/I/O
I/O/I/O/I/O/I/O
I/O/I/O/I/O/I/O
Case #63:
IOOOIOOOIOOOIOO
IOOOIOOOIOOOIOO
IOOOIOOOIOOOIOO
IOOOIOOOIOOOIOO
IOOOIOOOIOOOIOO
IOOOIOOOIOOOIOO
IOOOIOOOIOOOIOO
IOOOIOOOIOOOIOO
IOOOIOOOIOOOIOO
IOOOIOOOIOOOIOO
IOOOIOOOIOOOIOO
IOOOIOOOIOOOIOO
IOOOIOOOIOOOIOO
IOOOIOOOIOOOIOO
IOOOI/O/I/O/I/O
Case #64:
IOOOI/O/I/O/I/O
IOOOIOOOIOOOIOO
IOOOIOOOIOOOIOO
IOOOIOOOIOOOIOO
IOOOIOOOIOOOIOO
IOOOIOOOIOOOIOO
IOOOIOOOIOOOIOO
IOOOIOOOIOOOIOO
IOOOIOOOIOOOIOO
IOOOIOOOIOOOIOO
IOOOIOOOIOOOIOO
IOOOIOOOIOOOIOO
IOOOIOOOIOOOIOO
IOOOIOOOIOOOIOO
I/O/I/O/I/O/I/O
Case #65:
IOOOI/O/I/O/I/O
IOOOIOOOIOOOI/O
I/O/I/O/I/O/I/O
I/O/I/O/I/O/I/O
I/O/I/O/I/O/I/O
I/O/I/O/I/O/I/O
I/O/I/O/I/O/I/O
I/O/I/O/I/O/I/O
I/O/I/O/I/O/I/O
I/O/I/O/I/O/I/O
I/O/I/O/I/O/I/O
I/O/I/O/I/O/I/O
I/O/I/O/I/O/I/O
I/O/I/O/I/O/I/O
I/O/I/O/I/O/I/O
Case #66:
I/O/I/O/I/O/I/O
IOOOIOOOIOOOIOO
IOOOIOOOIOOOIOO
IOOOIOOOIOOOIOO
IOOOIOOOIOOOIOO
IOOOIOOOIOOOIOO
IOOOIOOOIOOOIOO
IOOOIOOOIOOOIOO
IOOOIOOOIOOOIOO
IOOOIOOOIOOOIOO
IOOOIOOOIOOOIOO
IOOOIOOOIOOOIOO
IOOOIOOOIOOOIOO
IOOOIOOOIOOOIOO
I/O/I/O/I/O/I/O
Case #67:
IOO/I/O/I/O/I/O
IOOOI/O/I/O/I/O
IOOOIOOOIOOOIOO
IOOOIOOOIOOOIOO
IOOOIOOOIOOOIOO
IOOOIOOOIOOOIOO
IOOOIOOOIOOOIOO
IOOOIOOOIOOOIOO
IOOOIOOOIOOOIOO
IOOOIOOOIOOOIOO
IOOOIOOOIOOOIOO
I/O/I/O/I/O/I/O
I/O/I/O/I/O/I/O
I/O/I/O/I/O/I/O
I/O/I/O/I/O/I/O
Case #68:
I/O/I/O/I/O/I/O
IOOOIOOOI/O/I/O
IOOOIOOOIOOOIOO
IOOOIOOOIOOOIOO
IOOOIOOOIOOOIOO
IOOOIOOOIOOOIOO
IOOOIOOOIOOOIOO
IOOOIOOOIOOOIOO
I/O/I/O/I/O/I/O
I/O/I/O/I/O/I/O
I/O/I/O/I/O/I/O
I/O/I/O/I/O/I/O
I/O/I/O/I/O/I/O
I/O/I/O/I/O/I/O
I/O/I/O/I/O/I/O
Case #69:
IOO/I/O/I/O/I/O
IOOOIOOOIOOOI/O
I/O/I/O/I/O/I/O
I/O/I/O/I/O/I/O
I/O/I/O/I/O/I/O
I/O/I/O/I/O/I/O
I/O/I/O/I/O/I/O
I/O/I/O/I/O/I/O
I/O/I/O/I/O/I/O
I/O/I/O/I/O/I/O
I/O/I/O/I/O/I/O
I/O/I/O/I/O/I/O
I/O/I/O/I/O/I/O
I/O/I/O/I/O/I/O
I/O/I/O/I/O/I/O
Case #70:
IOO/I/O/I/O/I/O
IOOOIOOOI/O/I/O
IOOOIOOOIOOOIOO
IOOOIOOOIOOOIOO
IOOOIOOOIOOOIOO
IOOOIOOOIOOOIOO
IOOOIOOOIOOOIOO
IOOOIOOOIOOOIOO
IOOOIOOOIOOOIOO
I/O/I/O/I/O/I/O
I/O/I/O/I/O/I/O
I/O/I/O/I/O/I/O
I/O/I/O/I/O/I/O
I/O/I/O/I/O/I/O
I/O/I/O/I/O/I/O
Case #71:
IOOOI/O/I/O/I/O
IOOOIOOOIOO/I/O
IOOOIOOOIOOOIOO
IOOOIOOOIOOOIOO
IOOOIOOOIOOOIOO
IOOOIOOOIOOOIOO
IOOOIOOOIOOOIOO
IOOOIOOOIOOOIOO
IOOOIOOOIOOOIOO
IOOOIOOOIOOOIOO
IOOOIOOOIOOOIOO
IOOOIOOOIOOOIOO
I/O/I/O/I/O/I/O
I/O/I/O/I/O/I/O
I/O/I/O/I/O/I/O
Case #72:
I/O/I/O/I/O/I/O
IOOOI/O/I/O/I/O
IOOOIOOOIOOOIOO
IOOOIOOOIOOOIOO
IOOOIOOOIOOOIOO
IOOOIOOOIOOOIOO
IOOOIOOOIOOOIOO
I/O/I/O/I/O/I/O
I/O/I/O/I/O/I/O
I/O/I/O/I/O/I/O
I/O/I/O/I/O/I/O
I/O/I/O/I/O/I/O
I/O/I/O/I/O/I/O
I/O/I/O/I/O/I/O
I/O/I/O/I/O/I/O
Case #73:
IOOOIOOOIOOOIOO
IOOOIOOOIOOOIOO
IOOOIOOOIOOOIOO
IOOOIOOOIOOOIOO
IOOOIOOOIOOOIOO
IOOOIOOOIOOOIOO
IOOOIOOOIOOOIOO
IOOOIOOOIOOOIOO
IOOOIOOOIOOOIOO
IOOOIOOOIOOOIOO
IOOOIOOOIOOOIOO
IOOOIOOOIOOOIOO
IOOOIOOOIOOOIOO
IOOOIOOOIOOOIOO
I/O/I/O/I/O/I/O
Case #74:
IOO/I/O/I/O/I/O
IOOOI/O/I/O/I/O
IOOOIOOOIOOOIOO
IOOOIOOOIOOOIOO
IOOOIOOOIOOOIOO
IOOOIOOOIOOOIOO
IOOOIOOOIOOOIOO
I/O/I/O/I/O/I/O
I/O/I/O/I/O/I/O
I/O/I/O/I/O/I/O
I/O/I/O/I/O/I/O
I/O/I/O/I/O/I/O
I/O/I/O/I/O/I/O
I/O/I/O/I/O/I/O
I/O/I/O/I/O/I/O
Case #75:
I/O/I/O/I/O/I/O
IOOOIOOOIOOOIOO
I/O/I/O/I/O/I/O
I/O/I/O/I/O/I/O
I/O/I/O/I/O/I/O
I/O/I/O/I/O/I/O
I/O/I/O/I/O/I/O
I/O/I/O/I/O/I/O
I/O/I/O/I/O/I/O
I/O/I/O/I/O/I/O
I/O/I/O/I/O/I/O
I/O/I/O/I/O/I/O
I/O/I/O/I/O/I/O
I/O/I/O/I/O/I/O
I/O/I/O/I/O/I/O
Case #76:
I/O/I/O/I/O/I/O
IOO/I/O/I/O/I/O
IOOOIOOOIOOOIOO
IOOOIOOOIOOOIOO
I/O/I/O/I/O/I/O
I/O/I/O/I/O/I/O
I/O/I/O/I/O/I/O
I/O/I/O/I/O/I/O
I/O/I/O/I/O/I/O
I/O/I/O/I/O/I/O
I/O/I/O/I/O/I/O
I/O/I/O/I/O/I/O
I/O/I/O/I/O/I/O
I/O/I/O/I/O/I/O
I/O/I/O/I/O/I/O
Case #77:
IO
Case #78:
IOOOI/O/I/O/I/O
IOO/I/O/I/O/I/O
IOOOIOOOIOOOIOO
I/O/I/O/I/O/I/O
I/O/I/O/I/O/I/O
I/O/I/O/I/O/I/O
I/O/I/O/I/O/I/O
I/O/I/O/I/O/I/O
I/O/I/O/I/O/I/O
I/O/I/O/I/O/I/O
I/O/I/O/I/O/I/O
I/O/I/O/I/O/I/O
I/O/I/O/I/O/I/O
I/O/I/O/I/O/I/O
I/O/I/O/I/O/I/O
Case #79:
I/O/I/O/I/O/I/O
IOOOIOOOIOOOI/O
IOOOIOOOIOOOIOO
IOOOIOOOIOOOIOO
IOOOIOOOIOOOIOO
IOOOIOOOIOOOIOO
IOOOIOOOIOOOIOO
IOOOIOOOIOOOIOO
IOOOIOOOIOOOIOO
IOOOIOOOIOOOIOO
IOOOIOOOIOOOIOO
IOOOIOOOIOOOIOO
IOOOIOOOIOOOIOO
IOOOIOOOIOOOIOO
I/O/I/O/I/O/I/O
Case #80:
IOOOI/O/I/O/I/O
IOOOIOO/I/O/I/O
IOOOIOOOIOOOIOO
IOOOIOOOIOOOIOO
IOOOIOOOIOOOIOO
IOOOIOOOIOOOIOO
IOOOIOOOIOOOIOO
IOOOIOOOIOOOIOO
I/O/I/O/I/O/I/O
I/O/I/O/I/O/I/O
I/O/I/O/I/O/I/O
I/O/I/O/I/O/I/O
I/O/I/O/I/O/I/O
I/O/I/O/I/O/I/O
I/O/I/O/I/O/I/O
Case #81:
I/O/I/O/I/O/I/O
IOOOIOOOIOOOI/O
IOOOIOOOIOOOIOO
IOOOIOOOIOOOIOO
IOOOIOOOIOOOIOO
IOOOIOOOIOOOIOO
IOOOIOOOIOOOIOO
IOOOIOOOIOOOIOO
IOOOIOOOIOOOIOO
I/O/I/O/I/O/I/O
I/O/I/O/I/O/I/O
I/O/I/O/I/O/I/O
I/O/I/O/I/O/I/O
I/O/I/O/I/O/I/O
I/O/I/O/I/O/I/O
Case #82:
IOOOI/O/I/O/I/O
IOOOIOOOI/O/I/O
IOOOIOOOIOOOIOO
IOOOIOOOIOOOIOO
IOOOIOOOIOOOIOO
IOOOIOOOIOOOIOO
IOOOIOOOIOOOIOO
IOOOIOOOIOOOIOO
IOOOIOOOIOOOIOO
IOOOIOOOIOOOIOO
IOOOIOOOIOOOIOO
IOOOIOOOIOOOIOO
IOOOIOOOIOOOIOO
IOOOIOOOIOOOIOO
I/O/I/O/I/O/I/O
Case #83:
IOOOI/O/I/O/I/O
IOO/I/O/I/O/I/O
I/O/I/O/I/O/I/O
I/O/I/O/I/O/I/O
I/O/I/O/I/O/I/O
I/O/I/O/I/O/I/O
I/O/I/O/I/O/I/O
I/O/I/O/I/O/I/O
I/O/I/O/I/O/I/O
I/O/I/O/I/O/I/O
I/O/I/O/I/O/I/O
I/O/I/O/I/O/I/O
I/O/I/O/I/O/I/O
I/O/I/O/I/O/I/O
I/O/I/O/I/O/I/O
Case #84:
I/O/I/O/I/O/I/O
IOOOIOOOI/O/I/O
IOOOIOOOIOOOIOO
IOOOIOOOIOOOIOO
IOOOIOOOIOOOIOO
IOOOIOOOIOOOIOO
IOOOIOOOIOOOIOO
IOOOIOOOIOOOIOO
IOOOIOOOIOOOIOO
I/O/I/O/I/O/I/O
I/O/I/O/I/O/I/O
I/O/I/O/I/O/I/O
I/O/I/O/I/O/I/O
I/O/I/O/I/O/I/O
I/O/I/O/I/O/I/O
Case #85:
I/O/I/O/I/O/I/O
IOOOIOOOIOO/I/O
IOOOIOOOIOOOIOO
IOOOIOOOIOOOIOO
IOOOIOOOIOOOIOO
IOOOIOOOIOOOIOO
I/O/I/O/I/O/I/O
I/O/I/O/I/O/I/O
I/O/I/O/I/O/I/O
I/O/I/O/I/O/I/O
I/O/I/O/I/O/I/O
I/O/I/O/I/O/I/O
I/O/I/O/I/O/I/O
I/O/I/O/I/O/I/O
I/O/I/O/I/O/I/O
Case #86:
IOO/I/O/I/O/I/O
IOO/I/O/I/O/I/O
IOOOIOOOIOOOIOO
IOOOIOOOIOOOIOO
IOOOIOOOIOOOIOO
IOOOIOOOIOOOIOO
I/O/I/O/I/O/I/O
I/O/I/O/I/O/I/O
I/O/I/O/I/O/I/O
I/O/I/O/I/O/I/O
I/O/I/O/I/O/I/O
I/O/I/O/I/O/I/O
I/O/I/O/I/O/I/O
I/O/I/O/I/O/I/O
I/O/I/O/I/O/I/O
Case #87:
IOO/I/O/I/O/I/O
IOOOIOOOIOOOI/O
IOOOIOOOIOOOIOO
IOOOIOOOIOOOIOO
IOOOIOOOIOOOIOO
IOOOIOOOIOOOIOO
IOOOIOOOIOOOIOO
IOOOIOOOIOOOIOO
IOOOIOOOIOOOIOO
IOOOIOOOIOOOIOO
I/O/I/O/I/O/I/O
I/O/I/O/I/O/I/O
I/O/I/O/I/O/I/O
I/O/I/O/I/O/I/O
I/O/I/O/I/O/I/O
Case #88:
IOO/I/O/I/O/I/O
IOO/I/O/I/O/I/O
IOOOIOOOIOOOIOO
IOOOIOOOIOOOIOO
IOOOIOOOIOOOIOO
IOOOIOOOIOOOIOO
IOOOIOOOIOOOIOO
IOOOIOOOIOOOIOO
IOOOIOOOIOOOIOO
IOOOIOOOIOOOIOO
IOOOIOOOIOOOIOO
IOOOIOOOIOOOIOO
I/O/I/O/I/O/I/O
I/O/I/O/I/O/I/O
I/O/I/O/I/O/I/O
Case #89:
I/O/I/O/I/O/I/O
IOOOI/O/I/O/I/O
IOOOIOOOIOOOIOO
IOOOIOOOIOOOIOO
IOOOIOOOIOOOIOO
IOOOIOOOIOOOIOO
I/O/I/O/I/O/I/O
I/O/I/O/I/O/I/O
I/O/I/O/I/O/I/O
I/O/I/O/I/O/I/O
I/O/I/O/I/O/I/O
I/O/I/O/I/O/I/O
I/O/I/O/I/O/I/O
I/O/I/O/I/O/I/O
I/O/I/O/I/O/I/O
Case #90:
IOOOI/O/I/O/I/O
IOOOIOOOI/O/I/O
IOOOIOOOIOOOIOO
IOOOIOOOIOOOIOO
IOOOIOOOIOOOIOO
IOOOIOOOIOOOIOO
IOOOIOOOIOOOIOO
IOOOIOOOIOOOIOO
IOOOIOOOIOOOIOO
I/O/I/O/I/O/I/O
I/O/I/O/I/O/I/O
I/O/I/O/I/O/I/O
I/O/I/O/I/O/I/O
I/O/I/O/I/O/I/O
I/O/I/O/I/O/I/O
Case #91:
IOOOI/O/I/O/I/O
I/O/I/O/I/O/I/O
I/O/I/O/I/O/I/O
I/O/I/O/I/O/I/O
I/O/I/O/I/O/I/O
I/O/I/O/I/O/I/O
I/O/I/O/I/O/I/O
I/O/I/O/I/O/I/O
I/O/I/O/I/O/I/O
I/O/I/O/I/O/I/O
I/O/I/O/I/O/I/O
I/O/I/O/I/O/I/O
I/O/I/O/I/O/I/O
I/O/I/O/I/O/I/O
I/O/I/O/I/O/I/O
Case #92:
I/O/I/O/I/O/I/O
IOO/I/O/I/O/I/O
IOOOIOOOIOOOIOO
IOOOIOOOIOOOIOO
IOOOIOOOIOOOIOO
IOOOIOOOIOOOIOO
IOOOIOOOIOOOIOO
I/O/I/O/I/O/I/O
I/O/I/O/I/O/I/O
I/O/I/O/I/O/I/O
I/O/I/O/I/O/I/O
I/O/I/O/I/O/I/O
I/O/I/O/I/O/I/O
I/O/I/O/I/O/I/O
I/O/I/O/I/O/I/O
Case #93:
IOO/I/O/I/O/I/O
IOOOIOOOIOO/I/O
IOOOIOOOIOOOIOO
IOOOIOOOIOOOIOO
IOOOIOOOIOOOIOO
IOOOIOOOIOOOIOO
IOOOIOOOIOOOIOO
IOOOIOOOIOOOIOO
IOOOIOOOIOOOIOO
IOOOIOOOIOOOIOO
IOOOIOOOIOOOIOO
IOOOIOOOIOOOIOO
IOOOIOOOIOOOIOO
I/O/I/O/I/O/I/O
I/O/I/O/I/O/I/O
Case #94:
IOOOI/O/I/O/I/O
IOOOIOOOIOO/I/O
IOOOIOOOIOOOIOO
IOOOIOOOIOOOIOO
I/O/I/O/I/O/I/O
I/O/I/O/I/O/I/O
I/O/I/O/I/O/I/O
I/O/I/O/I/O/I/O
I/O/I/O/I/O/I/O
I/O/I/O/I/O/I/O
I/O/I/O/I/O/I/O
I/O/I/O/I/O/I/O
I/O/I/O/I/O/I/O
I/O/I/O/I/O/I/O
I/O/I/O/I/O/I/O
Case #95:
I/O/I/O/I/O/I/O
IOOOIOOOIOO/I/O
IOOOIOOOIOOOIOO
IOOOIOOOIOOOIOO
IOOOIOOOIOOOIOO
IOOOIOOOIOOOIOO
IOOOIOOOIOOOIOO
IOOOIOOOIOOOIOO
IOOOIOOOIOOOIOO
IOOOIOOOIOOOIOO
IOOOIOOOIOOOIOO
IOOOIOOOIOOOIOO
IOOOIOOOIOOOIOO
IOOOIOOOIOOOIOO
I/O/I/O/I/O/I/O
Case #96:
IOO/I/O/I/O/I/O
IOOOIOOOIOO/I/O
IOOOIOOOIOOOIOO
IOOOIOOOIOOOIOO
IOOOIOOOIOOOIOO
IOOOIOOOIOOOIOO
IOOOIOOOIOOOIOO
IOOOIOOOIOOOIOO
IOOOIOOOIOOOIOO
IOOOIOOOIOOOIOO
IOOOIOOOIOOOIOO
IOOOIOOOIOOOIOO
IOOOIOOOIOOOIOO
IOOOIOOOIOOOIOO
I/O/I/O/I/O/I/O
Case #97:
IOOOI/O/I/O/I/O
IOOOIOOOIOOOI/O
IOOOIOOOIOOOIOO
IOOOIOOOIOOOIOO
IOOOIOOOIOOOIOO
IOOOIOOOIOOOIOO
IOOOIOOOIOOOIOO
IOOOIOOOIOOOIOO
I/O/I/O/I/O/I/O
I/O/I/O/I/O/I/O
I/O/I/O/I/O/I/O
I/O/I/O/I/O/I/O
I/O/I/O/I/O/I/O
I/O/I/O/I/O/I/O
I/O/I/O/I/O/I/O
Case #98:
I/O/I/O/I/O/I/O
IOOOIOOOIOOOI/O
IOOOIOOOIOOOIOO
IOOOIOOOIOOOIOO
I/O/I/O/I/O/I/O
I/O/I/O/I/O/I/O
I/O/I/O/I/O/I/O
I/O/I/O/I/O/I/O
I/O/I/O/I/O/I/O
I/O/I/O/I/O/I/O
I/O/I/O/I/O/I/O
I/O/I/O/I/O/I/O
I/O/I/O/I/O/I/O
I/O/I/O/I/O/I/O
I/O/I/O/I/O/I/O
Case #99:
IOOOIOOOIOOOI/O
IOOOIOOOIOOOIOO
IOOOIOOOIOOOIOO
IOOOIOOOIOOOIOO
IOOOIOOOIOOOIOO
IOOOIOOOIOOOIOO
IOOOIOOOIOOOIOO
IOOOIOOOIOOOIOO
IOOOIOOOIOOOIOO
IOOOIOOOIOOOIOO
IOOOIOOOIOOOIOO
IOOOIOOOIOOOIOO
IOOOIOOOIOOOIOO
IOOOIOOOIOOOIOO
I/O/I/O/I/O/I/O
Case #100:
IOOOI/O/I/O/I/O
IOOOIOOOIOOOI/O
IOOOIOOOIOOOIOO
IOOOIOOOIOOOIOO
IOOOIOOOIOOOIOO
I/O/I/O/I/O/I/O
I/O/I/O/I/O/I/O
I/O/I/O/I/O/I/O
I/O/I/O/I/O/I/O
I/O/I/O/I/O/I/O
I/O/I/O/I/O/I/O
I/O/I/O/I/O/I/O
I/O/I/O/I/O/I/O
I/O/I/O/I/O/I/O
I/O/I/O/I/O/I/O
