Case #1:
IOOOIOOOIOOOIOO
IOOOIOOOIOOOIOO
IOOOIOOOIOOOIOO
IOOOIOOOIOOOIOO
IOOOIOOOIOOOIOO
IOOOIOOOIOOOIOO
IOOOIOOOIOOOIOO
IOOOIOOOIOOOIOO
IOOOIOOOIOOOIOO
IOOOIOOOIOOOIOO
IOOOIOOOIOOOIOO
IOOOIOOOIOOOIOO
IOOOIOOOIOOOIOO
IOOOIOOOIOOOIOO
IOOOIOOOIOOOI/O
Case #2:
IO
Case #3:
IOOOIOOOIOOOIOO
IOOOIOOOIOOOIOO
IOOOIOOOIOOOIOO
IOOOIOOOIOOOIOO
IOOOIOOOIOOOIOO
IOOOIOOOIOOOIOO
IOOOIOOOIOOOIOO
IOOOIOOOIOOOIOO
IOOOIOOOIOOOIOO
IOOOIOOOIOOOIOO
IOOOIOOOIOOOIOO
IOOOIOOOIOOOIOO
IOOOIOOOIOOOIOO
IOOOIOOOIOOOIOO
IOOOIOOOI/O/I/O
Case #4:
IOOOIOOOIOOOI/O
IOOOIOOOIOOOIOO
IOOOIOOOIOOOIOO
IOOOIOOOIOOOIOO
IOOOIOOOIOOOIOO
IOOOIOOOIOOOIOO
IOOOIOOOIOOOIOO
IOOOIOOOIOOOIOO
IOOOIOOOIOOOIOO
IOOOIOOOIOOOIOO
IOOOIOOOIOOOIOO
IOOOIOOOIOOOIOO
IOOOIOOOIOOOIOO
IOOOIOOOIOOOIOO
I/O/I/O/I/O/I/O
Case #5:
IOOOIOOOIOOOIOO
IOOOIOOOIOOOIOO
IOOOIOOOIOOOIOO
IOOOIOOOIOOOIOO
IOOOIOOOIOOOIOO
IOOOIOOOIOOOIOO
IOOOIOOOIOOOIOO
IOOOIOOOIOOOIOO
IOOOIOOOIOOOIOO
IOOOIOOOIOOOIOO
IOOOIOOOIOOOIOO
IOOOIOOOIOOOIOO
IOOOIOOOIOOOIOO
IOOOIOOOIOOOIOO
IOOOIOOOIOO/I/O
Case #6:
IOOOI/O/I/O/I/O
I/O/I/O/I/O/I/O
I/O/I/O/I/O/I/O
I/O/I/O/I/O/I/O
I/O/I/O/I/O/I/O
I/O/I/O/I/O/I/O
I/O/I/O/I/O/I/O
I/O/I/O/I/O/I/O
I/O/I/O/I/O/I/O
I/O/I/O/I/O/I/O
I/O/I/O/I/O/I/O
I/O/I/O/I/O/I/O
I/O/I/O/I/O/I/O
I/O/I/O/I/O/I/O
I/O/I/O/I/O/I/O
Case #7:
I/O/I/O/I/O/I/O
IOOOIOOOIOOOI/O
IOOOIOOOIOOOIOO
IOOOIOOOIOOOIOO
IOOOIOOOIOOOIOO
IOOOIOOOIOOOIOO
IOOOIOOOIOOOIOO
IOOOIOOOIOOOIOO
IOOOIOOOIOOOIOO
IOOOIOOOIOOOIOO
IOOOIOOOIOOOIOO
IOOOIOOOIOOOIOO
I/O/I/O/I/O/I/O
I/O/I/O/I/O/I/O
I/O/I/O/I/O/I/O
Case #8:
IOOOI/O/I/O/I/O
IOOOIOOOI/O/I/O
IOOOIOOOIOOOIOO
IOOOIOOOIOOOIOO
IOOOIOOOIOOOIOO
IOOOIOOOIOOOIOO
IOOOIOOOIOOOIOO
IOOOIOOOIOOOIOO
IOOOIOOOIOOOIOO
IOOOIOOOIOOOIOO
I/O/I/O/I/O/I/O
I/O/I/O/I/O/I/O
I/O/I/O/I/O/I/O
I/O/I/O/I/O/I/O
I/O/I/O/I/O/I/O
Case #9:
I/O/I/O/I/O/I/O
IOO/I/O/I/O/I/O
IOOOIOOOIOOOIOO
IOOOIOOOIOOOIOO
IOOOIOOOIOOOIOO
I/O/I/O/I/O/I/O
I/O/I/O/I/O/I/O
I/O/I/O/I/O/I/O
I/O/I/O/I/O/I/O
I/O/I/O/I/O/I/O
I/O/I/O/I/O/I/O
I/O/I/O/I/O/I/O
I/O/I/O/I/O/I/O
I/O/I/O/I/O/I/O
I/O/I/O/I/O/I/O
Case #10:
IOO/I/O/I/O/I/O
IOOOIOOOIOOOI/O
IOOOIOOOIOOOIOO
IOOOIOOOIOOOIOO
IOOOIOOOIOOOIOO
IOOOIOOOIOOOIOO
IOOOIOOOIOOOIOO
I/O/I/O/I/O/I/O
I/O/I/O/I/O/I/O
I/O/I/O/I/O/I/O
I/O/I/O/I/O/I/O
I/O/I/O/I/O/I/O
I/O/I/O/I/O/I/O
I/O/I/O/I/O/I/O
I/O/I/O/I/O/I/O
Case #11:
IOOOI/O/I/O/I/O
IOOOIOOOIOOOI/O
I/O/I/O/I/O/I/O
I/O/I/O/I/O/I/O
I/O/I/O/I/O/I/O
I/O/I/O/I/O/I/O
I/O/I/O/I/O/I/O
I/O/I/O/I/O/I/O
I/O/I/O/I/O/I/O
I/O/I/O/I/O/I/O
I/O/I/O/I/O/I/O
I/O/I/O/I/O/I/O
I/O/I/O/I/O/I/O
I/O/I/O/I/O/I/O
I/O/I/O/I/O/I/O
Case #12:
I/O/I/O/I/O/I/O
IOOOI/O/I/O/I/O
IOOOIOOOIOOOIOO
IOOOIOOOIOOOIOO
IOOOIOOOIOOOIOO
IOOOIOOOIOOOIOO
I/O/I/O/I/O/I/O
I/O/I/O/I/O/I/O
I/O/I/O/I/O/I/O
I/O/I/O/I/O/I/O
I/O/I/O/I/O/I/O
I/O/I/O/I/O/I/O
I/O/I/O/I/O/I/O
I/O/I/O/I/O/I/O
I/O/I/O/I/O/I/O
Case #13:
IOO/I/O/I/O/I/O
I/O/I/O/I/O/I/O
I/O/I/O/I/O/I/O
I/O/I/O/I/O/I/O
I/O/I/O/I/O/I/O
I/O/I/O/I/O/I/O
I/O/I/O/I/O/I/O
I/O/I/O/I/O/I/O
I/O/I/O/I/O/I/O
I/O/I/O/I/O/I/O
I/O/I/O/I/O/I/O
I/O/I/O/I/O/I/O
I/O/I/O/I/O/I/O
I/O/I/O/I/O/I/O
I/O/I/O/I/O/I/O
Case #14:
IOO/I/O/I/O/I/O
IOOOIOOOIOOOI/O
IOOOIOOOIOOOIOO
IOOOIOOOIOOOIOO
IOOOIOOOIOOOIOO
IOOOIOOOIOOOIOO
IOOOIOOOIOOOIOO
IOOOIOOOIOOOIOO
IOOOIOOOIOOOIOO
IOOOIOOOIOOOIOO
IOOOIOOOIOOOIOO
IOOOIOOOIOOOIOO
IOOOIOOOIOOOIOO
IOOOIOOOIOOOIOO
I/O/I/O/I/O/I/O
Case #15:
I/O/I/O/I/O/I/O
IOOOIOOOIOO/I/O
IOOOIOOOIOOOIOO
IOOOIOOOIOOOIOO
IOOOIOOOIOOOIOO
IOOOIOOOIOOOIOO
IOOOIOOOIOOOIOO
IOOOIOOOIOOOIOO
IOOOIOOOIOOOIOO
I/O/I/O/I/O/I/O
I/O/I/O/I/O/I/O
I/O/I/O/I/O/I/O
I/O/I/O/I/O/I/O
I/O/I/O/I/O/I/O
I/O/I/O/I/O/I/O
Case #16:
I/O/I/O/I/O/I/O
IOOOI/O/I/O/I/O
IOOOIOOOIOOOIOO
IOOOIOOOIOOOIOO
I/O/I/O/I/O/I/O
I/O/I/O/I/O/I/O
I/O/I/O/I/O/I/O
I/O/I/O/I/O/I/O
I/O/I/O/I/O/I/O
I/O/I/O/I/O/I/O
I/O/I/O/I/O/I/O
I/O/I/O/I/O/I/O
I/O/I/O/I/O/I/O
I/O/I/O/I/O/I/O
I/O/I/O/I/O/I/O
Case #17:
IOOOIOOOIOOOIOO
IOOOIOOOIOOOIOO
IOOOIOOOIOOOIOO
IOOOIOOOIOOOIOO
IOOOIOOOIOOOIOO
IOOOIOOOIOOOIOO
IOOOIOOOIOOOIOO
IOOOIOOOIOOOIOO
IOOOIOOOIOOOIOO
IOOOIOOOIOOOIOO
IOOOIOOOIOOOIOO
IOOOIOOOIOOOIOO
IOOOIOOOIOOOIOO
IOOOIOOOIOOOIOO
IOOOIOO/I/O/I/O
Case #18:
I/O/I/O/I/O/I/O
IOOOIOO/I/O/I/O
IOOOIOOOIOOOIOO
IOOOIOOOIOOOIOO
IOOOIOOOIOOOIOO
IOOOIOOOIOOOIOO
IOOOIOOOIOOOIOO
IOOOIOOOIOOOIOO
IOOOIOOOIOOOIOO
IOOOIOOOIOOOIOO
I/O/I/O/I/O/I/O
I/O/I/O/I/O/I/O
I/O/I/O/I/O/I/O
I/O/I/O/I/O/I/O
I/O/I/O/I/O/I/O
Case #19:
IOOOI/O/I/O/I/O
IOOOIOOOIOOOIOO
IOOOIOOOIOOOIOO
IOOOIOOOIOOOIOO
IOOOIOOOIOOOIOO
IOOOIOOOIOOOIOO
IOOOIOOOIOOOIOO
IOOOIOOOIOOOIOO
IOOOIOOOIOOOIOO
I/O/I/O/I/O/I/O
I/O/I/O/I/O/I/O
I/O/I/O/I/O/I/O
I/O/I/O/I/O/I/O
I/O/I/O/I/O/I/O
I/O/I/O/I/O/I/O
Case #20:
I/O/I/O/I/O/I/O
I/O/I/O/I/O/I/O
I/O/I/O/I/O/I/O
I/O/I/O/I/O/I/O
I/O/I/O/I/O/I/O
I/O/I/O/I/O/I/O
I/O/I/O/I/O/I/O
I/O/I/O/I/O/I/O
I/O/I/O/I/O/I/O
I/O/I/O/I/O/I/O
I/O/I/O/I/O/I/O
I/O/I/O/I/O/I/O
I/O/I/O/I/O/I/O
I/O/I/O/I/O/I/O
I/O/I/O/I/O/I/O
Case #21:
IOOOI/O/I/O/I/O
IOOOIOOOIOOOIOO
IOOOIOOOIOOOIOO
IOOOIOOOIOOOIOO
IOOOIOOOIOOOIOO
IOOOIOOOIOOOIOO
IOOOIOOOIOOOIOO
IOOOIOOOIOOOIOO
I/O/I/O/I/O/I/O
I/O/I/O/I/O/I/O
I/O/I/O/I/O/I/O
I/O/I/O/I/O/I/O
I/O/I/O/I/O/I/O
I/O/I/O/I/O/I/O
I/O/I/O/I/O/I/O
Case #22:
IOO/I/O/I/O/I/O
IOO/I/O/I/O/I/O
I/O/I/O/I/O/I/O
I/O/I/O/I/O/I/O
I/O/I/O/I/O/I/O
I/O/I/O/I/O/I/O
I/O/I/O/I/O/I/O
I/O/I/O/I/O/I/O
I/O/I/O/I/O/I/O
I/O/I/O/I/O/I/O
I/O/I/O/I/O/I/O
I/O/I/O/I/O/I/O
I/O/I/O/I/O/I/O
I/O/I/O/I/O/I/O
I/O/I/O/I/O/I/O
Case #23:
I/O/I/O/I/O/I/O
IOO/I/O/I/O/I/O
I/O/I/O/I/O/I/O
I/O/I/O/I/O/I/O
I/O/I/O/I/O/I/O
I/O/I/O/I/O/I/O
I/O/I/O/I/O/I/O
I/O/I/O/I/O/I/O
I/O/I/O/I/O/I/O
I/O/I/O/I/O/I/O
I/O/I/O/I/O/I/O
I/O/I/O/I/O/I/O
I/O/I/O/I/O/I/O
I/O/I/O/I/O/I/O
I/O/I/O/I/O/I/O
Case #24:
IOO/I/O/I/O/I/O
IOO/I/O/I/O/I/O
IOOOIOOOIOOOIOO
IOOOIOOOIOOOIOO
I/O/I/O/I/O/I/O
I/O/I/O/I/O/I/O
I/O/I/O/I/O/I/O
I/O/I/O/I/O/I/O
I/O/I/O/I/O/I/O
I/O/I/O/I/O/I/O
I/O/I/O/I/O/I/O
I/O/I/O/I/O/I/O
I/O/I/O/I/O/I/O
I/O/I/O/I/O/I/O
I/O/I/O/I/O/I/O
Case #25:
IOO/I/O/I/O/I/O
IOO/I/O/I/O/I/O
IOOOIOOOIOOOIOO
IOOOIOOOIOOOIOO
IOOOIOOOIOOOIOO
IOOOIOOOIOOOIOO
IOOOIOOOIOOOIOO
IOOOIOOOIOOOIOO
IOOOIOOOIOOOIOO
IOOOIOOOIOOOIOO
IOOOIOOOIOOOIOO
I/O/I/O/I/O/I/O
I/O/I/O/I/O/I/O
I/O/I/O/I/O/I/O
I/O/I/O/I/O/I/O
