Case #1: OFJQATDIXUNEGHKCSMPZYWLVBR
Case #2: IMPOSSIBLE
Case #3: ABCDEFGHIJKLMNOPQRSTUVWXYZ
Case #4: FGPMXOSTUABWDIEYNRCLZQJVKH
Case #5: VKAUJDNXIHQSYBEZMCGOFWRLPT
Case #6: IMPOSSIBLE
Case #7: ABCDEFGHIJKLMNOPQRSTUVWXYZ
Case #8: VTIJCGPYURXDFSWQKNALHZMBOE
Case #9: IMPOSSIBLE
Case #10: IMPOSSIBLE
Case #11: LIUFSEWTGBZCXONJRMPQAVYKHD
Case #12: VBDMRZFGSYXHNUJPOLQEIKAWTC
Case #13: JAXKYHUTVLWNRIGZCEBQFMSPDO
Case #14: DUJTVEXNHAWGQFBRZLSOPIYMCK
Case #15: BNMUXGFJCRHEYQOPAWSKDLTVZI
Case #16: ABCDEFGHIJKLMNOPQRSTUVWXYZ
Case #17: SXKFOBEZTVYIQHUDWCGNPARJML
Case #18: DISXFWCRYQPJNVEHGALBUOZTKM
Case #19: UZWSENODQYCJFMPXBRTVLHKAGI
Case #20: IFANYRCPXJDMUOZEBHVLSTWGQK
Case #21: OJBKENGHWYPTIVFZAUXMRDCLQS
Case #22: IMPOSSIBLE
Case #23: HJYNLGVCWRTXESQMKZDUPBAIFO
Case #24: JFHSQZYGLNXROIWKDVPTBUAMEC
Case #25: IMPOSSIBLE
Case #26: HRFWGIPLTJVMKUBODQXZSCNEAY
Case #27: XPQJMUFCNDWZLBYIVGHSROEKAT
Case #28: QGFAUDBKTJCMOEXRHWZYISNVLP
Case #29: YBEDMHXJTSALQKGVOUNIWRZPCF
Case #30: PGYZCTIEQVXASLOKFWRBHNDUJM
Case #31: IMPOSSIBLE
Case #32: VCEHOWKLDUFJGSBAMINZXPYRTQ
Case #33: YHFRWTIDKCZQMNPJOUAEXBVGSL
Case #34: IMPOSSIBLE
Case #35: XROYLWEDQUAFGHJSTPZIMVCKNB
Case #36: WZCJBRIQNATOPXLKGFVMDEHSUY
Case #37: VLXKCREBJTSUFMGQZNDAHPIWYO
Case #38: IMPOSSIBLE
Case #39: IMPOSSIBLE
Case #40: CVDAFPEBUZNYLGWTHQSXOMKJRI
Case #41: IMPOSSIBLE
Case #42: ABCDEFGHIJKLMNOPQRSTUVWXYZ
Case #43: BLTGNKCIJQEAMSXFPHVYRDWZOU
Case #44: XVEULKNTPMYAOSBRHJFDWQGZIC
Case #45: IMPOSSIBLE
Case #46: ITNQFDZUYCGMOKHXVPEWASRLBJ
Case #47: ZNYBAHVPGTSUMKRJDEIQFLCXOW
Case #48: ABCDEFGHIJKLMNOPQRSTUVWXYZ
Case #49: ABCDEFGHIJKLMNOPQRSTUVWXYZ
Case #50: CIEHBWMZKDRSYUVTJALXQPOFNG
Case #51: FEYTQMKWJXZIOSUHVGRDBNCPLA
Case #52: WJGABQPETSDVFNXYCKLRZHUIOM
Case #53: ABCDEFGHIJKLMNOPQRSTUVWXYZ
Case #54: VASIZJYDROWUQGMFLNEHTKXPCB
Case #55: YJLINOSTAMEVKQUBDRPWZGCFXH
Case #56: XYMNKWPBSJLEHQOFARVGIDUZTC
Case #57: NQCOFPSXTYLUEDGBJRWZVIAKHM
Case #58: VSIUQCABRGOPDZHYNXEFMJTLWK
Case #59: ZIBKJYMWXCASHPEGQODRLNVTFU
Case #60: IMPOSSIBLE
Case #61: TREOSIYMGXJKVNLDBQAHFWCPUZ
Case #62: GSVRCYBQKAZTUFLNHIPXEOJMWD
Case #63: DSIHAPMNUTFVKBRYXGEQZCJWOL
Case #64: IMPOSSIBLE
Case #65: IMPOSSIBLE
Case #66: GZKWRCDAMYSPOIJBEXULHTFVNQ
Case #67: ABCDEFGHIJKLMNOPQRSTUVWXYZ
Case #68: OYIMBDFXKEVPAQCNWZRJTLHSGU
Case #69: VTHKYSJWMLIAZECRPDNXGQUFBO
Case #70: BDAUYZPJXNLSORQGKCFTMWHIEV
Case #71: YJRWOSNCKBAPMUGDIHTLVZQEXF
Case #72: TLFBZJXCDYRNMPOWKGUQIHVSEA
Case #73: HOJMUZNRSGFQKIELWVPDYATBCX
Case #74: OJMDKQCYAGRSFVWUTENZLIPXBH
Case #75: IMPOSSIBLE
Case #76: CHWDLJBXFPORVISEQAKYZTNGUM
Case #77: GADYVLTBCKMQRSZWPUHNEFOJIX
Case #78: AWHZQPXKTFBIVOSRCDNJMLYUGE
Case #79: JUSEVHNFOWYTIGXPRACLBMKZQD
Case #80: IMPOSSIBLE
Case #81: FCZYAWMKDOSNHJPURQVGLXTIBE
Case #82: ABCDEFGHIJKLMNOPQRSTUVWXYZ
Case #83: BMAWPVZFXIYTLEHCOKGQRDNJUS
Case #84: PJFDYZXUGTEOKNHSCWRBVALIMQ
Case #85: UKZXISBLRTHADPONEQMCFWGJYV
Case #86: QUMEWCODHPIYJRXKZSVAFLGBTN
Case #87: RAYDCTSJGLKXIHOZWBPEVNMFUQ
Case #88: ABCDEFGHIJKLMNOPQRSTUVWXYZ
Case #89: ABCDEFGHIJKLMNOPQRSTUVWXYZ
Case #90: WRLAJGVCFYDESQUTOKIMPXNZHB
Case #91: ABCDEFGHIJKLMNOPQRSTUVWXYZ
Case #92: MCHPDBXOFKGISVELYUZAQNTWJR
Case #93: RDTUJYIVSXGMANKQWPEHFZOBCL
Case #94: IMPOSSIBLE
Case #95: FLTYRSQHPWAECBIJVXDKZOMGUN
Case #96: AOLBNFHSVDQXICMPYWRKJEGTZU
Case #97: ACIKUEDZPNBMSXWHJOYVTGRFLQ
Case #98: IMPOSSIBLE
Case #99: JSDIKQCBPMAYFWTUNZRLXHVGEO
Case #100: LNKBHFYIUMOGTDECJZVASRQPXW
