Case #1: VHBMNOQUIALWSEKTZXRCFGDYJP
Case #2: IMPOSSIBLE
Case #3: ABCDEFGHIJKLMNOPQRSTUVWXYZ
Case #4: ABCDEFGHIJKLMNOPQRSTUVWXYZ
Case #5: IMPOSSIBLE
Case #6: ABCDEFGHIJKLMNOPQRSTUVWXYZ
Case #7: ABCDEFGHIJKLMNOPQRSTUVWXYZ
Case #8: ABCDEFGHIJKLMNOPQRSTUVWXYZ
Case #9: ABCDEFGHIJKLMNOPQRSTUVWXYZ
Case #10: ABCDEFGHIJKLMNOPQRSTUVWXYZ
Case #11: ABCDEFGHIJKLMNOPQRSTUVWXYZ
Case #12: OFVUSCWBXTEGARDYQKNJMHZLIP
Case #13: ABCDEFGHIJKLMNOPQRSTUVWXYZ
Case #14: ABCDEFGHIJKLMNOPQRSTUVWXYZ
Case #15: ABCDEFGHIJKLMNOPQRSTUVWXYZ
Case #16: ABCDEFGHIJKLMNOPQRSTUVWXYZ
Case #17: ABCDEFGHIJKLMNOPQRSTUVWXYZ
Case #18: ABCDEFGHIJKLMNOPQRSTUVWXYZ
Case #19: ABCDEFGHIJKLMNOPQRSTUVWXYZ
Case #20: ABCDEFGHIJKLMNOPQRSTUVWXYZ
Case #21: ABCDEFGHIJKLMNOPQRSTUVWXYZ
Case #22: ABCDEFGHIJKLMNOPQRSTUVWXYZ
Case #23: ABCDEFGHIJKLMNOPQRSTUVWXYZ
Case #24: ABCDEFGHIJKLMNOPQRSTUVWXYZ
Case #25: ABCDEFGHIJKLMNOPQRSTUVWXYZ
Case #26: ABCDEFGHIJKLMNOPQRSTUVWXYZ
Case #27: ABCDEFGHIJKLMNOPQRSTUVWXYZ
Case #28: ABCDEFGHIJKLMNOPQRSTUVWXYZ
Case #29: ABCDEFGHIJKLMNOPQRSTUVWXYZ
Case #30: ABCDEFGHIJKLMNOPQRSTUVWXYZ
Case #31: ABCDEFGHIJKLMNOPQRSTUVWXYZ
Case #32: ABCDEFGHIJKLMNOPQRSTUVWXYZ
Case #33: ABCDEFGHIJKLMNOPQRSTUVWXYZ
Case #34: ABCDEFGHIJKLMNOPQRSTUVWXYZ
Case #35: ABCDEFGHIJKLMNOPQRSTUVWXYZ
Case #36: ABCDEFGHIJKLMNOPQRSTUVWXYZ
Case #37: ABCDEFGHIJKLMNOPQRSTUVWXYZ
Case #38: ABCDEFGHIJKLMNOPQRSTUVWXYZ
Case #39: ABCDEFGHIJKLMNOPQRSTUVWXYZ
Case #40: ABCDEFGHIJKLMNOPQRSTUVWXYZ
Case #41: ABCDEFGHIJKLMNOPQRSTUVWXYZ
Case #42: ABCDEFGHIJKLMNOPQRSTUVWXYZ
Case #43: ABCDEFGHIJKLMNOPQRSTUVWXYZ
Case #44: ABCDEFGHIJKLMNOPQRSTUVWXYZ
Case #45: ABCDEFGHIJKLMNOPQRSTUVWXYZ
Case #46: ABCDEFGHIJKLMNOPQRSTUVWXYZ
Case #47: ABCDEFGHIJKLMNOPQRSTUVWXYZ
Case #48: ABCDEFGHIJKLMNOPQRSTUVWXYZ
Case #49: ABCDEFGHIJKLMNOPQRSTUVWXYZ
Case #50: ABCDEFGHIJKLMNOPQRSTUVWXYZ
Case #51: ABCDEFGHIJKLMNOPQRSTUVWXYZ
Case #52: ABCDEFGHIJKLMNOPQRSTUVWXYZ
Case #53: ABCDEFGHIJKLMNOPQRSTUVWXYZ
Case #54: ABCDEFGHIJKLMNOPQRSTUVWXYZ
Case #55: ABCDEFGHIJKLMNOPQRSTUVWXYZ
Case #56: ABCDEFGHIJKLMNOPQRSTUVWXYZ
Case #57: ABCDEFGHIJKLMNOPQRSTUVWXYZ
Case #58: ABCDEFGHIJKLMNOPQRSTUVWXYZ
Case #59: ABCDEFGHIJKLMNOPQRSTUVWXYZ
Case #60: ABCDEFGHIJKLMNOPQRSTUVWXYZ
Case #61: ABCDEFGHIJKLMNOPQRSTUVWXYZ
Case #62: ABCDEFGHIJKLMNOPQRSTUVWXYZ
Case #63: ABCDEFGHIJKLMNOPQRSTUVWXYZ
Case #64: ABCDEFGHIJKLMNOPQRSTUVWXYZ
Case #65: ABCDEFGHIJKLMNOPQRSTUVWXYZ
Case #66: ABCDEFGHIJKLMNOPQRSTUVWXYZ
Case #67: ABCDEFGHIJKLMNOPQRSTUVWXYZ
Case #68: ABCDEFGHIJKLMNOPQRSTUVWXYZ
Case #69: ABCDEFGHIJKLMNOPQRSTUVWXYZ
Case #70: ABCDEFGHIJKLMNOPQRSTUVWXYZ
Case #71: ABCDEFGHIJKLMNOPQRSTUVWXYZ
Case #72: ABCDEFGHIJKLMNOPQRSTUVWXYZ
Case #73: ABCDEFGHIJKLMNOPQRSTUVWXYZ
Case #74: ABCDEFGHIJKLMNOPQRSTUVWXYZ
Case #75: ABCDEFGHIJKLMNOPQRSTUVWXYZ
Case #76: ABCDEFGHIJKLMNOPQRSTUVWXYZ
Case #77: ABCDEFGHIJKLMNOPQRSTUVWXYZ
Case #78: ABCDEFGHIJKLMNOPQRSTUVWXYZ
Case #79: ABCDEFGHIJKLMNOPQRSTUVWXYZ
Case #80: ABCDEFGHIJKLMNOPQRSTUVWXYZ
Case #81: ABCDEFGHIJKLMNOPQRSTUVWXYZ
Case #82: JGYLPSEXQMHUTAOWZBNCIFVRDK
Case #83: ABCDEFGHIJKLMNOPQRSTUVWXYZ
Case #84: ABCDEFGHIJKLMNOPQRSTUVWXYZ
Case #85: IMPOSSIBLE
Case #86: ABCDEFGHIJKLMNOPQRSTUVWXYZ
Case #87: ABCDEFGHIJKLMNOPQRSTUVWXYZ
Case #88: ABCDEFGHIJKLMNOPQRSTUVWXYZ
Case #89: ABCDEFGHIJKLMNOPQRSTUVWXYZ
Case #90: ABCDEFGHIJKLMNOPQRSTUVWXYZ
Case #91: ABCDEFGHIJKLMNOPQRSTUVWXYZ
Case #92: ABCDEFGHIJKLMNOPQRSTUVWXYZ
Case #93: ABCDEFGHIJKLMNOPQRSTUVWXYZ
Case #94: ABCDEFGHIJKLMNOPQRSTUVWXYZ
Case #95: ABCDEFGHIJKLMNOPQRSTUVWXYZ
Case #96: ABCDEFGHIJKLMNOPQRSTUVWXYZ
Case #97: ABCDEFGHIJKLMNOPQRSTUVWXYZ
Case #98: ABCDEFGHIJKLMNOPQRSTUVWXYZ
Case #99: ABCDEFGHIJKLMNOPQRSTUVWXYZ
Case #100: ABCDEFGHIJKLMNOPQRSTUVWXYZ
